<?xml version="1.0" encoding="UTF-8"?>
<testsuite xmlns:xsi="http://www.w3.org/2001/XMLSchema-instance" xsi:noNamespaceSchemaLocation="https://maven.apache.org/surefire/maven-surefire-plugin/xsd/surefire-test-report-3.0.xsd" version="3.0" name="tapper.tests.keeper_e2e._1_partialPayment._2_3_NoTipsNoScTest" time="61.753" tests="8" errors="0" skipped="0" failures="0">
  <properties>
    <property name="java.specification.version" value="16"/>
    <property name="webdriver.chrome.driver" value="C:\Users\user\.cache\selenium\chromedriver\win32\108.0.5359.71\chromedriver.exe"/>
    <property name="sun.cpu.isalist" value="amd64"/>
    <property name="sun.jnu.encoding" value="Cp1251"/>
    <property name="java.class.path" value="C:\tapper.cloud\target\test-classes;C:\tapper.cloud\target\classes;C:\Users\user\.m2\repository\org\seleniumhq\selenium\selenium-java\4.6.0\selenium-java-4.6.0.jar;C:\Users\user\.m2\repository\org\seleniumhq\selenium\selenium-chrome-driver\4.6.0\selenium-chrome-driver-4.6.0.jar;C:\Users\user\.m2\repository\org\seleniumhq\selenium\selenium-chromium-driver\4.6.0\selenium-chromium-driver-4.6.0.jar;C:\Users\user\.m2\repository\org\seleniumhq\selenium\selenium-devtools-v105\4.6.0\selenium-devtools-v105-4.6.0.jar;C:\Users\user\.m2\repository\org\seleniumhq\selenium\selenium-devtools-v106\4.6.0\selenium-devtools-v106-4.6.0.jar;C:\Users\user\.m2\repository\org\seleniumhq\selenium\selenium-devtools-v107\4.6.0\selenium-devtools-v107-4.6.0.jar;C:\Users\user\.m2\repository\org\seleniumhq\selenium\selenium-devtools-v85\4.6.0\selenium-devtools-v85-4.6.0.jar;C:\Users\user\.m2\repository\org\seleniumhq\selenium\selenium-edge-driver\4.6.0\selenium-edge-driver-4.6.0.jar;C:\Users\user\.m2\repository\org\seleniumhq\selenium\selenium-firefox-driver\4.6.0\selenium-firefox-driver-4.6.0.jar;C:\Users\user\.m2\repository\org\seleniumhq\selenium\selenium-ie-driver\4.6.0\selenium-ie-driver-4.6.0.jar;C:\Users\user\.m2\repository\org\seleniumhq\selenium\selenium-remote-driver\4.6.0\selenium-remote-driver-4.6.0.jar;C:\Users\user\.m2\repository\io\netty\netty-buffer\4.1.84.Final\netty-buffer-4.1.84.Final.jar;C:\Users\user\.m2\repository\io\netty\netty-codec-http\4.1.84.Final\netty-codec-http-4.1.84.Final.jar;C:\Users\user\.m2\repository\io\netty\netty-common\4.1.84.Final\netty-common-4.1.84.Final.jar;C:\Users\user\.m2\repository\io\netty\netty-transport-classes-epoll\4.1.84.Final\netty-transport-classes-epoll-4.1.84.Final.jar;C:\Users\user\.m2\repository\io\netty\netty-transport-classes-kqueue\4.1.84.Final\netty-transport-classes-kqueue-4.1.84.Final.jar;C:\Users\user\.m2\repository\io\netty\netty-transport-native-epoll\4.1.84.Final\netty-transport-native-epoll-4.1.84.Final.jar;C:\Users\user\.m2\repository\io\netty\netty-transport-native-kqueue\4.1.84.Final\netty-transport-native-kqueue-4.1.84.Final.jar;C:\Users\user\.m2\repository\io\netty\netty-transport-native-unix-common\4.1.84.Final\netty-transport-native-unix-common-4.1.84.Final.jar;C:\Users\user\.m2\repository\io\netty\netty-transport\4.1.84.Final\netty-transport-4.1.84.Final.jar;C:\Users\user\.m2\repository\io\opentelemetry\opentelemetry-api\1.19.0\opentelemetry-api-1.19.0.jar;C:\Users\user\.m2\repository\io\opentelemetry\opentelemetry-context\1.19.0\opentelemetry-context-1.19.0.jar;C:\Users\user\.m2\repository\io\opentelemetry\opentelemetry-exporter-logging\1.19.0\opentelemetry-exporter-logging-1.19.0.jar;C:\Users\user\.m2\repository\io\opentelemetry\opentelemetry-sdk-metrics\1.19.0\opentelemetry-sdk-metrics-1.19.0.jar;C:\Users\user\.m2\repository\io\opentelemetry\opentelemetry-sdk-logs\1.19.0-alpha\opentelemetry-sdk-logs-1.19.0-alpha.jar;C:\Users\user\.m2\repository\io\opentelemetry\opentelemetry-api-logs\1.19.0-alpha\opentelemetry-api-logs-1.19.0-alpha.jar;C:\Users\user\.m2\repository\io\opentelemetry\opentelemetry-sdk-common\1.19.0\opentelemetry-sdk-common-1.19.0.jar;C:\Users\user\.m2\repository\io\opentelemetry\opentelemetry-sdk-extension-autoconfigure-spi\1.19.0\opentelemetry-sdk-extension-autoconfigure-spi-1.19.0.jar;C:\Users\user\.m2\repository\io\opentelemetry\opentelemetry-sdk-extension-autoconfigure\1.19.0-alpha\opentelemetry-sdk-extension-autoconfigure-1.19.0-alpha.jar;C:\Users\user\.m2\repository\io\opentelemetry\opentelemetry-exporter-common\1.19.0\opentelemetry-exporter-common-1.19.0.jar;C:\Users\user\.m2\repository\io\opentelemetry\opentelemetry-sdk-trace\1.19.0\opentelemetry-sdk-trace-1.19.0.jar;C:\Users\user\.m2\repository\io\opentelemetry\opentelemetry-sdk\1.19.0\opentelemetry-sdk-1.19.0.jar;C:\Users\user\.m2\repository\io\opentelemetry\opentelemetry-semconv\1.19.0-alpha\opentelemetry-semconv-1.19.0-alpha.jar;C:\Users\user\.m2\repository\io\ous\jtoml\2.0.0\jtoml-2.0.0.jar;C:\Users\user\.m2\repository\org\asynchttpclient\async-http-client\2.12.3\async-http-client-2.12.3.jar;C:\Users\user\.m2\repository\org\asynchttpclient\async-http-client-netty-utils\2.12.3\async-http-client-netty-utils-2.12.3.jar;C:\Users\user\.m2\repository\org\reactivestreams\reactive-streams\1.0.3\reactive-streams-1.0.3.jar;C:\Users\user\.m2\repository\com\typesafe\netty\netty-reactive-streams\2.0.4\netty-reactive-streams-2.0.4.jar;C:\Users\user\.m2\repository\com\sun\activation\jakarta.activation\1.2.2\jakarta.activation-1.2.2.jar;C:\Users\user\.m2\repository\org\seleniumhq\selenium\selenium-http\4.6.0\selenium-http-4.6.0.jar;C:\Users\user\.m2\repository\dev\failsafe\failsafe\3.3.0\failsafe-3.3.0.jar;C:\Users\user\.m2\repository\org\seleniumhq\selenium\selenium-manager\4.6.0\selenium-manager-4.6.0.jar;C:\Users\user\.m2\repository\org\seleniumhq\selenium\selenium-safari-driver\4.6.0\selenium-safari-driver-4.6.0.jar;C:\Users\user\.m2\repository\org\seleniumhq\selenium\selenium-api\4.6.0\selenium-api-4.6.0.jar;C:\Users\user\.m2\repository\org\seleniumhq\selenium\selenium-support\4.6.0\selenium-support-4.6.0.jar;C:\Users\user\.m2\repository\com\google\auto\service\auto-service-annotations\1.0.1\auto-service-annotations-1.0.1.jar;C:\Users\user\.m2\repository\com\google\auto\service\auto-service\1.0.1\auto-service-1.0.1.jar;C:\Users\user\.m2\repository\com\google\auto\auto-common\1.2\auto-common-1.2.jar;C:\Users\user\.m2\repository\com\google\guava\guava\31.1-jre\guava-31.1-jre.jar;C:\Users\user\.m2\repository\com\google\guava\failureaccess\1.0.1\failureaccess-1.0.1.jar;C:\Users\user\.m2\repository\com\google\guava\listenablefuture\9999.0-empty-to-avoid-conflict-with-guava\listenablefuture-9999.0-empty-to-avoid-conflict-with-guava.jar;C:\Users\user\.m2\repository\com\google\code\findbugs\jsr305\3.0.2\jsr305-3.0.2.jar;C:\Users\user\.m2\repository\org\checkerframework\checker-qual\3.12.0\checker-qual-3.12.0.jar;C:\Users\user\.m2\repository\com\google\errorprone\error_prone_annotations\2.11.0\error_prone_annotations-2.11.0.jar;C:\Users\user\.m2\repository\com\google\j2objc\j2objc-annotations\1.3\j2objc-annotations-1.3.jar;C:\Users\user\.m2\repository\net\bytebuddy\byte-buddy\1.12.18\byte-buddy-1.12.18.jar;C:\Users\user\.m2\repository\org\seleniumhq\selenium\selenium-json\4.6.0\selenium-json-4.6.0.jar;C:\Users\user\.m2\repository\org\hamcrest\hamcrest\2.2\hamcrest-2.2.jar;C:\Users\user\.m2\repository\io\rest-assured\rest-assured\5.2.0\rest-assured-5.2.0.jar;C:\Users\user\.m2\repository\org\apache\groovy\groovy\4.0.1\groovy-4.0.1.jar;C:\Users\user\.m2\repository\org\apache\groovy\groovy-xml\4.0.1\groovy-xml-4.0.1.jar;C:\Users\user\.m2\repository\org\apache\httpcomponents\httpclient\4.5.13\httpclient-4.5.13.jar;C:\Users\user\.m2\repository\org\apache\httpcomponents\httpcore\4.4.13\httpcore-4.4.13.jar;C:\Users\user\.m2\repository\commons-logging\commons-logging\1.2\commons-logging-1.2.jar;C:\Users\user\.m2\repository\commons-codec\commons-codec\1.11\commons-codec-1.11.jar;C:\Users\user\.m2\repository\org\apache\httpcomponents\httpmime\4.5.13\httpmime-4.5.13.jar;C:\Users\user\.m2\repository\org\ccil\cowan\tagsoup\tagsoup\1.2.1\tagsoup-1.2.1.jar;C:\Users\user\.m2\repository\io\rest-assured\xml-path\5.2.0\xml-path-5.2.0.jar;C:\Users\user\.m2\repository\io\rest-assured\json-path\5.2.0\json-path-5.2.0.jar;C:\Users\user\.m2\repository\org\apache\groovy\groovy-json\4.0.1\groovy-json-4.0.1.jar;C:\Users\user\.m2\repository\io\rest-assured\rest-assured-common\5.2.0\rest-assured-common-5.2.0.jar;C:\Users\user\.m2\repository\io\rest-assured\json-schema-validator\5.2.0\json-schema-validator-5.2.0.jar;C:\Users\user\.m2\repository\com\github\java-json-tools\json-schema-validator\2.2.14\json-schema-validator-2.2.14.jar;C:\Users\user\.m2\repository\com\github\java-json-tools\jackson-coreutils-equivalence\1.0\jackson-coreutils-equivalence-1.0.jar;C:\Users\user\.m2\repository\com\github\java-json-tools\jackson-coreutils\2.0\jackson-coreutils-2.0.jar;C:\Users\user\.m2\repository\com\github\java-json-tools\msg-simple\1.2\msg-simple-1.2.jar;C:\Users\user\.m2\repository\com\github\java-json-tools\btf\1.3\btf-1.3.jar;C:\Users\user\.m2\repository\com\github\java-json-tools\json-schema-core\1.2.14\json-schema-core-1.2.14.jar;C:\Users\user\.m2\repository\com\github\java-json-tools\uri-template\0.10\uri-template-0.10.jar;C:\Users\user\.m2\repository\org\mozilla\rhino\1.7.7.2\rhino-1.7.7.2.jar;C:\Users\user\.m2\repository\com\sun\mail\mailapi\1.6.2\mailapi-1.6.2.jar;C:\Users\user\.m2\repository\joda-time\joda-time\2.10.5\joda-time-2.10.5.jar;C:\Users\user\.m2\repository\com\googlecode\libphonenumber\libphonenumber\8.11.1\libphonenumber-8.11.1.jar;C:\Users\user\.m2\repository\net\sf\jopt-simple\jopt-simple\5.0.4\jopt-simple-5.0.4.jar;C:\Users\user\.m2\repository\org\junit\jupiter\junit-jupiter\5.9.0\junit-jupiter-5.9.0.jar;C:\Users\user\.m2\repository\org\junit\jupiter\junit-jupiter-engine\5.9.0\junit-jupiter-engine-5.9.0.jar;C:\Users\user\.m2\repository\org\junit\jupiter\junit-jupiter-params\5.9.0\junit-jupiter-params-5.9.0.jar;C:\Users\user\.m2\repository\org\apiguardian\apiguardian-api\1.1.2\apiguardian-api-1.1.2.jar;C:\Users\user\.m2\repository\org\junit\platform\junit-platform-engine\1.9.0\junit-platform-engine-1.9.0.jar;C:\Users\user\.m2\repository\org\opentest4j\opentest4j\1.2.0\opentest4j-1.2.0.jar;C:\Users\user\.m2\repository\org\junit\platform\junit-platform-commons\1.9.0\junit-platform-commons-1.9.0.jar;C:\Users\user\.m2\repository\org\junit\platform\junit-platform-launcher\1.9.0\junit-platform-launcher-1.9.0.jar;C:\Users\user\.m2\repository\org\junit\platform\junit-platform-suite\1.9.0\junit-platform-suite-1.9.0.jar;C:\Users\user\.m2\repository\org\junit\platform\junit-platform-suite-api\1.9.0\junit-platform-suite-api-1.9.0.jar;C:\Users\user\.m2\repository\org\junit\platform\junit-platform-suite-engine\1.9.0\junit-platform-suite-engine-1.9.0.jar;C:\Users\user\.m2\repository\org\junit\platform\junit-platform-suite-commons\1.9.0\junit-platform-suite-commons-1.9.0.jar;C:\Users\user\.m2\repository\io\qameta\allure\allure-junit5\2.20.0\allure-junit5-2.20.0.jar;C:\Users\user\.m2\repository\io\qameta\allure\allure-junit-platform\2.20.0\allure-junit-platform-2.20.0.jar;C:\Users\user\.m2\repository\io\qameta\allure\allure-test-filter\2.20.0\allure-test-filter-2.20.0.jar;C:\Users\user\.m2\repository\io\qameta\allure\allure-maven\2.11.2\allure-maven-2.11.2.jar;C:\Users\user\.m2\repository\com\fasterxml\jackson\core\jackson-databind\2.13.0\jackson-databind-2.13.0.jar;C:\Users\user\.m2\repository\com\fasterxml\jackson\core\jackson-annotations\2.13.0\jackson-annotations-2.13.0.jar;C:\Users\user\.m2\repository\com\fasterxml\jackson\core\jackson-core\2.13.0\jackson-core-2.13.0.jar;C:\Users\user\.m2\repository\org\apache\maven\maven-plugin-api\3.8.3\maven-plugin-api-3.8.3.jar;C:\Users\user\.m2\repository\org\codehaus\plexus\plexus-utils\3.3.0\plexus-utils-3.3.0.jar;C:\Users\user\.m2\repository\org\codehaus\plexus\plexus-classworlds\2.6.0\plexus-classworlds-2.6.0.jar;C:\Users\user\.m2\repository\org\apache\maven\maven-core\3.8.3\maven-core-3.8.3.jar;C:\Users\user\.m2\repository\org\apache\maven\maven-model\3.8.3\maven-model-3.8.3.jar;C:\Users\user\.m2\repository\org\apache\maven\maven-settings\3.8.3\maven-settings-3.8.3.jar;C:\Users\user\.m2\repository\org\apache\maven\maven-settings-builder\3.8.3\maven-settings-builder-3.8.3.jar;C:\Users\user\.m2\repository\org\codehaus\plexus\plexus-sec-dispatcher\2.0\plexus-sec-dispatcher-2.0.jar;C:\Users\user\.m2\repository\org\codehaus\plexus\plexus-cipher\2.0\plexus-cipher-2.0.jar;C:\Users\user\.m2\repository\org\apache\maven\maven-builder-support\3.8.3\maven-builder-support-3.8.3.jar;C:\Users\user\.m2\repository\org\apache\maven\maven-repository-metadata\3.8.3\maven-repository-metadata-3.8.3.jar;C:\Users\user\.m2\repository\org\apache\maven\maven-artifact\3.8.3\maven-artifact-3.8.3.jar;C:\Users\user\.m2\repository\org\apache\maven\maven-model-builder\3.8.3\maven-model-builder-3.8.3.jar;C:\Users\user\.m2\repository\org\apache\maven\maven-resolver-provider\3.8.3\maven-resolver-provider-3.8.3.jar;C:\Users\user\.m2\repository\org\apache\maven\resolver\maven-resolver-impl\1.6.3\maven-resolver-impl-1.6.3.jar;C:\Users\user\.m2\repository\org\apache\maven\resolver\maven-resolver-api\1.6.3\maven-resolver-api-1.6.3.jar;C:\Users\user\.m2\repository\org\apache\maven\resolver\maven-resolver-spi\1.6.3\maven-resolver-spi-1.6.3.jar;C:\Users\user\.m2\repository\org\apache\maven\resolver\maven-resolver-util\1.6.3\maven-resolver-util-1.6.3.jar;C:\Users\user\.m2\repository\org\apache\maven\shared\maven-shared-utils\3.3.4\maven-shared-utils-3.3.4.jar;C:\Users\user\.m2\repository\org\eclipse\sisu\org.eclipse.sisu.plexus\0.3.5\org.eclipse.sisu.plexus-0.3.5.jar;C:\Users\user\.m2\repository\javax\annotation\javax.annotation-api\1.2\javax.annotation-api-1.2.jar;C:\Users\user\.m2\repository\org\eclipse\sisu\org.eclipse.sisu.inject\0.3.5\org.eclipse.sisu.inject-0.3.5.jar;C:\Users\user\.m2\repository\com\google\inject\guice\4.2.2\guice-4.2.2-no_aop.jar;C:\Users\user\.m2\repository\aopalliance\aopalliance\1.0\aopalliance-1.0.jar;C:\Users\user\.m2\repository\javax\inject\javax.inject\1\javax.inject-1.jar;C:\Users\user\.m2\repository\org\codehaus\plexus\plexus-interpolation\1.26\plexus-interpolation-1.26.jar;C:\Users\user\.m2\repository\org\codehaus\plexus\plexus-component-annotations\2.1.0\plexus-component-annotations-2.1.0.jar;C:\Users\user\.m2\repository\org\apache\maven\reporting\maven-reporting-impl\3.0.0\maven-reporting-impl-3.0.0.jar;C:\Users\user\.m2\repository\org\apache\maven\reporting\maven-reporting-api\3.0\maven-reporting-api-3.0.jar;C:\Users\user\.m2\repository\org\apache\maven\doxia\doxia-sink-api\1.7\doxia-sink-api-1.7.jar;C:\Users\user\.m2\repository\org\apache\maven\doxia\doxia-logging-api\1.7\doxia-logging-api-1.7.jar;C:\Users\user\.m2\repository\org\apache\maven\doxia\doxia-decoration-model\1.7.4\doxia-decoration-model-1.7.4.jar;C:\Users\user\.m2\repository\org\apache\maven\doxia\doxia-core\1.7\doxia-core-1.7.jar;C:\Users\user\.m2\repository\org\codehaus\plexus\plexus-container-default\1.0-alpha-30\plexus-container-default-1.0-alpha-30.jar;C:\Users\user\.m2\repository\junit\junit\3.8.1\junit-3.8.1.jar;C:\Users\user\.m2\repository\commons-lang\commons-lang\2.4\commons-lang-2.4.jar;C:\Users\user\.m2\repository\xmlunit\xmlunit\1.5\xmlunit-1.5.jar;C:\Users\user\.m2\repository\org\apache\maven\doxia\doxia-site-renderer\1.7.4\doxia-site-renderer-1.7.4.jar;C:\Users\user\.m2\repository\org\apache\maven\doxia\doxia-skin-model\1.7.4\doxia-skin-model-1.7.4.jar;C:\Users\user\.m2\repository\org\apache\maven\doxia\doxia-module-xhtml\1.7\doxia-module-xhtml-1.7.jar;C:\Users\user\.m2\repository\org\codehaus\plexus\plexus-i18n\1.0-beta-7\plexus-i18n-1.0-beta-7.jar;C:\Users\user\.m2\repository\org\codehaus\plexus\plexus-velocity\1.2\plexus-velocity-1.2.jar;C:\Users\user\.m2\repository\org\apache\velocity\velocity\1.7\velocity-1.7.jar;C:\Users\user\.m2\repository\org\apache\velocity\velocity-tools\2.0\velocity-tools-2.0.jar;C:\Users\user\.m2\repository\commons-digester\commons-digester\1.8\commons-digester-1.8.jar;C:\Users\user\.m2\repository\commons-chain\commons-chain\1.1\commons-chain-1.1.jar;C:\Users\user\.m2\repository\commons-validator\commons-validator\1.3.1\commons-validator-1.3.1.jar;C:\Users\user\.m2\repository\dom4j\dom4j\1.1\dom4j-1.1.jar;C:\Users\user\.m2\repository\oro\oro\2.0.8\oro-2.0.8.jar;C:\Users\user\.m2\repository\sslext\sslext\1.2-0\sslext-1.2-0.jar;C:\Users\user\.m2\repository\org\apache\struts\struts-core\1.3.8\struts-core-1.3.8.jar;C:\Users\user\.m2\repository\antlr\antlr\2.7.2\antlr-2.7.2.jar;C:\Users\user\.m2\repository\org\apache\struts\struts-taglib\1.3.8\struts-taglib-1.3.8.jar;C:\Users\user\.m2\repository\org\apache\struts\struts-tiles\1.3.8\struts-tiles-1.3.8.jar;C:\Users\user\.m2\repository\org\apache\maven\shared\maven-artifact-transfer\0.13.1\maven-artifact-transfer-0.13.1.jar;C:\Users\user\.m2\repository\org\apache\maven\shared\maven-common-artifact-filters\3.1.0\maven-common-artifact-filters-3.1.0.jar;C:\Users\user\.m2\repository\org\sonatype\sisu\sisu-inject-plexus\1.4.2\sisu-inject-plexus-1.4.2.jar;C:\Users\user\.m2\repository\org\sonatype\sisu\sisu-inject-bean\1.4.2\sisu-inject-bean-1.4.2.jar;C:\Users\user\.m2\repository\org\sonatype\sisu\sisu-guice\2.1.7\sisu-guice-2.1.7-noaop.jar;C:\Users\user\.m2\repository\commons-beanutils\commons-beanutils\1.9.4\commons-beanutils-1.9.4.jar;C:\Users\user\.m2\repository\commons-collections\commons-collections\3.2.2\commons-collections-3.2.2.jar;C:\Users\user\.m2\repository\net\lingala\zip4j\zip4j\1.3.2\zip4j-1.3.2.jar;C:\Users\user\.m2\repository\org\apache\commons\commons-exec\1.3\commons-exec-1.3.jar;C:\Users\user\.m2\repository\org\apache\maven\plugin-tools\maven-plugin-annotations\3.6.1\maven-plugin-annotations-3.6.1.jar;C:\Users\user\.m2\repository\org\apache\maven\plugins\maven-jxr-plugin\3.1.1\maven-jxr-plugin-3.1.1.jar;C:\Users\user\.m2\repository\org\apache\maven\maven-jxr\3.1.1\maven-jxr-3.1.1.jar;C:\Users\user\.m2\repository\org\apache\velocity\velocity-engine-core\2.0\velocity-engine-core-2.0.jar;C:\Users\user\.m2\repository\org\apache\maven\wagon\wagon-provider-api\2.4\wagon-provider-api-2.4.jar;C:\Users\user\.m2\repository\org\codehaus\plexus\plexus-java\1.0.6\plexus-java-1.0.6.jar;C:\Users\user\.m2\repository\org\ow2\asm\asm\9.0\asm-9.0.jar;C:\Users\user\.m2\repository\com\thoughtworks\qdox\qdox\2.0.0\qdox-2.0.0.jar;C:\Users\user\.m2\repository\io\qameta\allure\allure-java-commons\2.20.0\allure-java-commons-2.20.0.jar;C:\Users\user\.m2\repository\io\qameta\allure\allure-model\2.20.0\allure-model-2.20.0.jar;C:\Users\user\.m2\repository\org\aspectj\aspectjweaver\1.9.9.1\aspectjweaver-1.9.9.1.jar;C:\Users\user\.m2\repository\org\apache\maven\plugins\maven-surefire-plugin\3.0.0-M5\maven-surefire-plugin-3.0.0-M5.jar;C:\Users\user\.m2\repository\org\apache\maven\surefire\maven-surefire-common\3.0.0-M5\maven-surefire-common-3.0.0-M5.jar;C:\Users\user\.m2\repository\org\apache\maven\surefire\surefire-extensions-api\3.0.0-M5\surefire-extensions-api-3.0.0-M5.jar;C:\Users\user\.m2\repository\org\apache\maven\surefire\surefire-booter\3.0.0-M5\surefire-booter-3.0.0-M5.jar;C:\Users\user\.m2\repository\org\apache\maven\surefire\surefire-extensions-spi\3.0.0-M5\surefire-extensions-spi-3.0.0-M5.jar;C:\Users\user\.m2\repository\org\apache\maven\maven-toolchain\3.0-alpha-2\maven-toolchain-3.0-alpha-2.jar;C:\Users\user\.m2\repository\org\apache\maven\surefire\surefire-shared-utils\3.0.0-M4\surefire-shared-utils-3.0.0-M4.jar;C:\Users\user\.m2\repository\io\qameta\allure\allure-selenide\2.20.0\allure-selenide-2.20.0.jar;C:\Users\user\.m2\repository\com\codeborne\selenide-core\6.9.0\selenide-core-6.9.0.jar;C:\Users\user\.m2\repository\io\github\bonigarcia\webdrivermanager\5.3.0\webdrivermanager-5.3.0.jar;C:\Users\user\.m2\repository\org\brotli\dec\0.1.2\dec-0.1.2.jar;C:\Users\user\.m2\repository\org\apache\commons\commons-lang3\3.12.0\commons-lang3-3.12.0.jar;C:\Users\user\.m2\repository\commons-io\commons-io\2.11.0\commons-io-2.11.0.jar;C:\Users\user\.m2\repository\org\apache\commons\commons-compress\1.21\commons-compress-1.21.jar;C:\Users\user\.m2\repository\org\apache\httpcomponents\client5\httpclient5\5.1.3\httpclient5-5.1.3.jar;C:\Users\user\.m2\repository\org\apache\httpcomponents\core5\httpcore5\5.1.3\httpcore5-5.1.3.jar;C:\Users\user\.m2\repository\com\codeborne\selenide\6.9.0\selenide-6.9.0.jar;C:\Users\user\.m2\repository\org\slf4j\slf4j-api\2.0.3\slf4j-api-2.0.3.jar;C:\Users\user\.m2\repository\org\slf4j\slf4j-reload4j\2.0.3\slf4j-reload4j-2.0.3.jar;C:\Users\user\.m2\repository\ch\qos\reload4j\reload4j\1.2.22\reload4j-1.2.22.jar;C:\Users\user\.m2\repository\io\github\artsok\rerunner-jupiter\2.1.6\rerunner-jupiter-2.1.6.jar;C:\Users\user\.m2\repository\org\jetbrains\annotations\23.0.0\annotations-23.0.0.jar;C:\Users\user\.m2\repository\org\junit\platform\junit-platform-surefire-provider\1.3.2\junit-platform-surefire-provider-1.3.2.jar;C:\Users\user\.m2\repository\org\apache\maven\surefire\surefire-api\2.22.0\surefire-api-2.22.0.jar;C:\Users\user\.m2\repository\org\apache\maven\surefire\surefire-logger-api\2.22.0\surefire-logger-api-2.22.0.jar;C:\Users\user\.m2\repository\org\apache\maven\surefire\common-java5\2.22.0\common-java5-2.22.0.jar;C:\Users\user\.m2\repository\org\junit\jupiter\junit-jupiter-api\5.9.0\junit-jupiter-api-5.9.0.jar;C:\Users\user\.m2\repository\com\google\zxing\core\3.5.1\core-3.5.1.jar;C:\Users\user\.m2\repository\com\google\zxing\javase\3.5.1\javase-3.5.1.jar;C:\Users\user\.m2\repository\com\beust\jcommander\1.82\jcommander-1.82.jar;C:\Users\user\.m2\repository\com\github\jai-imageio\jai-imageio-core\1.4.0\jai-imageio-core-1.4.0.jar;C:\Users\user\.m2\repository\com\codeborne\selenide-proxy\6.10.2\selenide-proxy-6.10.2.jar;C:\Users\user\.m2\repository\com\github\valfirst\browserup-proxy\browserup-proxy-core\2.2.6\browserup-proxy-core-2.2.6.jar;C:\Users\user\.m2\repository\de\sstoehr\har-reader\2.2.1\har-reader-2.2.1.jar;C:\Users\user\.m2\repository\com\github\valfirst\browserup-proxy\browserup-proxy-mitm\2.2.6\browserup-proxy-mitm-2.2.6.jar;C:\Users\user\.m2\repository\javax\xml\bind\jaxb-api\2.3.1\jaxb-api-2.3.1.jar;C:\Users\user\.m2\repository\javax\activation\javax.activation-api\1.2.0\javax.activation-api-1.2.0.jar;C:\Users\user\.m2\repository\org\awaitility\awaitility\4.2.0\awaitility-4.2.0.jar;C:\Users\user\.m2\repository\com\jcraft\jzlib\1.1.3\jzlib-1.1.3.jar;C:\Users\user\.m2\repository\dnsjava\dnsjava\3.5.2\dnsjava-3.5.2.jar;C:\Users\user\.m2\repository\org\bouncycastle\bcpkix-jdk18on\1.72\bcpkix-jdk18on-1.72.jar;C:\Users\user\.m2\repository\org\bouncycastle\bcutil-jdk18on\1.72\bcutil-jdk18on-1.72.jar;C:\Users\user\.m2\repository\org\bouncycastle\bcprov-jdk18on\1.72\bcprov-jdk18on-1.72.jar;C:\Users\user\.m2\repository\org\slf4j\jcl-over-slf4j\2.0.5\jcl-over-slf4j-2.0.5.jar;C:\Users\user\.m2\repository\org\zeroturnaround\zt-exec\1.12\zt-exec-1.12.jar;C:\Users\user\.m2\repository\xyz\rogfam\littleproxy\2.0.14\littleproxy-2.0.14.jar;C:\Users\user\.m2\repository\com\barchart\udt\barchart-udt-bundle\2.3.0\barchart-udt-bundle-2.3.0.jar;C:\Users\user\.m2\repository\io\netty\netty-all\4.1.85.Final\netty-all-4.1.85.Final.jar;C:\Users\user\.m2\repository\io\netty\netty-codec\4.1.85.Final\netty-codec-4.1.85.Final.jar;C:\Users\user\.m2\repository\io\netty\netty-codec-dns\4.1.85.Final\netty-codec-dns-4.1.85.Final.jar;C:\Users\user\.m2\repository\io\netty\netty-codec-haproxy\4.1.85.Final\netty-codec-haproxy-4.1.85.Final.jar;C:\Users\user\.m2\repository\io\netty\netty-codec-http2\4.1.85.Final\netty-codec-http2-4.1.85.Final.jar;C:\Users\user\.m2\repository\io\netty\netty-codec-memcache\4.1.85.Final\netty-codec-memcache-4.1.85.Final.jar;C:\Users\user\.m2\repository\io\netty\netty-codec-mqtt\4.1.85.Final\netty-codec-mqtt-4.1.85.Final.jar;C:\Users\user\.m2\repository\io\netty\netty-codec-redis\4.1.85.Final\netty-codec-redis-4.1.85.Final.jar;C:\Users\user\.m2\repository\io\netty\netty-codec-smtp\4.1.85.Final\netty-codec-smtp-4.1.85.Final.jar;C:\Users\user\.m2\repository\io\netty\netty-codec-socks\4.1.85.Final\netty-codec-socks-4.1.85.Final.jar;C:\Users\user\.m2\repository\io\netty\netty-codec-stomp\4.1.85.Final\netty-codec-stomp-4.1.85.Final.jar;C:\Users\user\.m2\repository\io\netty\netty-codec-xml\4.1.85.Final\netty-codec-xml-4.1.85.Final.jar;C:\Users\user\.m2\repository\io\netty\netty-handler\4.1.85.Final\netty-handler-4.1.85.Final.jar;C:\Users\user\.m2\repository\io\netty\netty-handler-proxy\4.1.85.Final\netty-handler-proxy-4.1.85.Final.jar;C:\Users\user\.m2\repository\io\netty\netty-resolver\4.1.85.Final\netty-resolver-4.1.85.Final.jar;C:\Users\user\.m2\repository\io\netty\netty-resolver-dns\4.1.85.Final\netty-resolver-dns-4.1.85.Final.jar;C:\Users\user\.m2\repository\io\netty\netty-transport-rxtx\4.1.85.Final\netty-transport-rxtx-4.1.85.Final.jar;C:\Users\user\.m2\repository\io\netty\netty-transport-sctp\4.1.85.Final\netty-transport-sctp-4.1.85.Final.jar;C:\Users\user\.m2\repository\io\netty\netty-transport-udt\4.1.85.Final\netty-transport-udt-4.1.85.Final.jar;C:\Users\user\.m2\repository\io\netty\netty-resolver-dns-classes-macos\4.1.85.Final\netty-resolver-dns-classes-macos-4.1.85.Final.jar;C:\Users\user\.m2\repository\io\netty\netty-transport-native-epoll\4.1.85.Final\netty-transport-native-epoll-4.1.85.Final-linux-x86_64.jar;C:\Users\user\.m2\repository\io\netty\netty-transport-native-epoll\4.1.85.Final\netty-transport-native-epoll-4.1.85.Final-linux-aarch_64.jar;C:\Users\user\.m2\repository\io\netty\netty-transport-native-kqueue\4.1.85.Final\netty-transport-native-kqueue-4.1.85.Final-osx-x86_64.jar;C:\Users\user\.m2\repository\io\netty\netty-transport-native-kqueue\4.1.85.Final\netty-transport-native-kqueue-4.1.85.Final-osx-aarch_64.jar;C:\Users\user\.m2\repository\io\netty\netty-resolver-dns-native-macos\4.1.85.Final\netty-resolver-dns-native-macos-4.1.85.Final-osx-x86_64.jar;C:\Users\user\.m2\repository\io\netty\netty-resolver-dns-native-macos\4.1.85.Final\netty-resolver-dns-native-macos-4.1.85.Final-osx-aarch_64.jar;C:\Users\user\.m2\repository\com\github\javafaker\javafaker\1.0.2\javafaker-1.0.2.jar;C:\Users\user\.m2\repository\org\yaml\snakeyaml\1.23\snakeyaml-1.23-android.jar;C:\Users\user\.m2\repository\com\github\mifmif\generex\1.0.2\generex-1.0.2.jar;C:\Users\user\.m2\repository\dk\brics\automaton\automaton\1.11-8\automaton-1.11-8.jar;C:\Users\user\.m2\repository\com\github\pengrad\java-telegram-bot-api\6.3.0\java-telegram-bot-api-6.3.0.jar;C:\Users\user\.m2\repository\com\google\code\gson\gson\2.9.1\gson-2.9.1.jar;C:\Users\user\.m2\repository\com\squareup\okhttp3\okhttp\4.10.0\okhttp-4.10.0.jar;C:\Users\user\.m2\repository\com\squareup\okio\okio-jvm\3.0.0\okio-jvm-3.0.0.jar;C:\Users\user\.m2\repository\org\jetbrains\kotlin\kotlin-stdlib-common\1.5.31\kotlin-stdlib-common-1.5.31.jar;C:\Users\user\.m2\repository\org\jetbrains\kotlin\kotlin-stdlib\1.6.20\kotlin-stdlib-1.6.20.jar;C:\Users\user\.m2\repository\com\squareup\okhttp3\logging-interceptor\4.10.0\logging-interceptor-4.10.0.jar;C:\Users\user\.m2\repository\org\jetbrains\kotlin\kotlin-stdlib-jdk8\1.6.10\kotlin-stdlib-jdk8-1.6.10.jar;C:\Users\user\.m2\repository\org\jetbrains\kotlin\kotlin-stdlib-jdk7\1.6.10\kotlin-stdlib-jdk7-1.6.10.jar;"/>
    <property name="java.vm.vendor" value="Oracle Corporation"/>
    <property name="sun.arch.data.model" value="64"/>
    <property name="user.variant" value=""/>
    <property name="java.vendor.url" value="https://java.oracle.com/"/>
    <property name="user.timezone" value="Asia/Yekaterinburg"/>
    <property name="os.name" value="Windows 10"/>
    <property name="java.vm.specification.version" value="16"/>
    <property name="sun.java.launcher" value="SUN_STANDARD"/>
    <property name="user.country" value="RU"/>
    <property name="sun.boot.library.path" value="C:\Program Files\Java\jdk-16.0.2\bin"/>
    <property name="sun.java.command" value="C:\Users\user\AppData\Local\Temp\surefire16072795596137672083\surefirebooter5053748529391618800.jar C:\Users\user\AppData\Local\Temp\surefire16072795596137672083 2022-12-29T18-23-36_904-jvmRun1 surefire13769239969983247872tmp surefire_09549134053798811908tmp"/>
    <property name="jdk.debug" value="release"/>
    <property name="surefire.test.class.path" value="C:\tapper.cloud\target\test-classes;C:\tapper.cloud\target\classes;C:\Users\user\.m2\repository\org\seleniumhq\selenium\selenium-java\4.6.0\selenium-java-4.6.0.jar;C:\Users\user\.m2\repository\org\seleniumhq\selenium\selenium-chrome-driver\4.6.0\selenium-chrome-driver-4.6.0.jar;C:\Users\user\.m2\repository\org\seleniumhq\selenium\selenium-chromium-driver\4.6.0\selenium-chromium-driver-4.6.0.jar;C:\Users\user\.m2\repository\org\seleniumhq\selenium\selenium-devtools-v105\4.6.0\selenium-devtools-v105-4.6.0.jar;C:\Users\user\.m2\repository\org\seleniumhq\selenium\selenium-devtools-v106\4.6.0\selenium-devtools-v106-4.6.0.jar;C:\Users\user\.m2\repository\org\seleniumhq\selenium\selenium-devtools-v107\4.6.0\selenium-devtools-v107-4.6.0.jar;C:\Users\user\.m2\repository\org\seleniumhq\selenium\selenium-devtools-v85\4.6.0\selenium-devtools-v85-4.6.0.jar;C:\Users\user\.m2\repository\org\seleniumhq\selenium\selenium-edge-driver\4.6.0\selenium-edge-driver-4.6.0.jar;C:\Users\user\.m2\repository\org\seleniumhq\selenium\selenium-firefox-driver\4.6.0\selenium-firefox-driver-4.6.0.jar;C:\Users\user\.m2\repository\org\seleniumhq\selenium\selenium-ie-driver\4.6.0\selenium-ie-driver-4.6.0.jar;C:\Users\user\.m2\repository\org\seleniumhq\selenium\selenium-remote-driver\4.6.0\selenium-remote-driver-4.6.0.jar;C:\Users\user\.m2\repository\io\netty\netty-buffer\4.1.84.Final\netty-buffer-4.1.84.Final.jar;C:\Users\user\.m2\repository\io\netty\netty-codec-http\4.1.84.Final\netty-codec-http-4.1.84.Final.jar;C:\Users\user\.m2\repository\io\netty\netty-common\4.1.84.Final\netty-common-4.1.84.Final.jar;C:\Users\user\.m2\repository\io\netty\netty-transport-classes-epoll\4.1.84.Final\netty-transport-classes-epoll-4.1.84.Final.jar;C:\Users\user\.m2\repository\io\netty\netty-transport-classes-kqueue\4.1.84.Final\netty-transport-classes-kqueue-4.1.84.Final.jar;C:\Users\user\.m2\repository\io\netty\netty-transport-native-epoll\4.1.84.Final\netty-transport-native-epoll-4.1.84.Final.jar;C:\Users\user\.m2\repository\io\netty\netty-transport-native-kqueue\4.1.84.Final\netty-transport-native-kqueue-4.1.84.Final.jar;C:\Users\user\.m2\repository\io\netty\netty-transport-native-unix-common\4.1.84.Final\netty-transport-native-unix-common-4.1.84.Final.jar;C:\Users\user\.m2\repository\io\netty\netty-transport\4.1.84.Final\netty-transport-4.1.84.Final.jar;C:\Users\user\.m2\repository\io\opentelemetry\opentelemetry-api\1.19.0\opentelemetry-api-1.19.0.jar;C:\Users\user\.m2\repository\io\opentelemetry\opentelemetry-context\1.19.0\opentelemetry-context-1.19.0.jar;C:\Users\user\.m2\repository\io\opentelemetry\opentelemetry-exporter-logging\1.19.0\opentelemetry-exporter-logging-1.19.0.jar;C:\Users\user\.m2\repository\io\opentelemetry\opentelemetry-sdk-metrics\1.19.0\opentelemetry-sdk-metrics-1.19.0.jar;C:\Users\user\.m2\repository\io\opentelemetry\opentelemetry-sdk-logs\1.19.0-alpha\opentelemetry-sdk-logs-1.19.0-alpha.jar;C:\Users\user\.m2\repository\io\opentelemetry\opentelemetry-api-logs\1.19.0-alpha\opentelemetry-api-logs-1.19.0-alpha.jar;C:\Users\user\.m2\repository\io\opentelemetry\opentelemetry-sdk-common\1.19.0\opentelemetry-sdk-common-1.19.0.jar;C:\Users\user\.m2\repository\io\opentelemetry\opentelemetry-sdk-extension-autoconfigure-spi\1.19.0\opentelemetry-sdk-extension-autoconfigure-spi-1.19.0.jar;C:\Users\user\.m2\repository\io\opentelemetry\opentelemetry-sdk-extension-autoconfigure\1.19.0-alpha\opentelemetry-sdk-extension-autoconfigure-1.19.0-alpha.jar;C:\Users\user\.m2\repository\io\opentelemetry\opentelemetry-exporter-common\1.19.0\opentelemetry-exporter-common-1.19.0.jar;C:\Users\user\.m2\repository\io\opentelemetry\opentelemetry-sdk-trace\1.19.0\opentelemetry-sdk-trace-1.19.0.jar;C:\Users\user\.m2\repository\io\opentelemetry\opentelemetry-sdk\1.19.0\opentelemetry-sdk-1.19.0.jar;C:\Users\user\.m2\repository\io\opentelemetry\opentelemetry-semconv\1.19.0-alpha\opentelemetry-semconv-1.19.0-alpha.jar;C:\Users\user\.m2\repository\io\ous\jtoml\2.0.0\jtoml-2.0.0.jar;C:\Users\user\.m2\repository\org\asynchttpclient\async-http-client\2.12.3\async-http-client-2.12.3.jar;C:\Users\user\.m2\repository\org\asynchttpclient\async-http-client-netty-utils\2.12.3\async-http-client-netty-utils-2.12.3.jar;C:\Users\user\.m2\repository\org\reactivestreams\reactive-streams\1.0.3\reactive-streams-1.0.3.jar;C:\Users\user\.m2\repository\com\typesafe\netty\netty-reactive-streams\2.0.4\netty-reactive-streams-2.0.4.jar;C:\Users\user\.m2\repository\com\sun\activation\jakarta.activation\1.2.2\jakarta.activation-1.2.2.jar;C:\Users\user\.m2\repository\org\seleniumhq\selenium\selenium-http\4.6.0\selenium-http-4.6.0.jar;C:\Users\user\.m2\repository\dev\failsafe\failsafe\3.3.0\failsafe-3.3.0.jar;C:\Users\user\.m2\repository\org\seleniumhq\selenium\selenium-manager\4.6.0\selenium-manager-4.6.0.jar;C:\Users\user\.m2\repository\org\seleniumhq\selenium\selenium-safari-driver\4.6.0\selenium-safari-driver-4.6.0.jar;C:\Users\user\.m2\repository\org\seleniumhq\selenium\selenium-api\4.6.0\selenium-api-4.6.0.jar;C:\Users\user\.m2\repository\org\seleniumhq\selenium\selenium-support\4.6.0\selenium-support-4.6.0.jar;C:\Users\user\.m2\repository\com\google\auto\service\auto-service-annotations\1.0.1\auto-service-annotations-1.0.1.jar;C:\Users\user\.m2\repository\com\google\auto\service\auto-service\1.0.1\auto-service-1.0.1.jar;C:\Users\user\.m2\repository\com\google\auto\auto-common\1.2\auto-common-1.2.jar;C:\Users\user\.m2\repository\com\google\guava\guava\31.1-jre\guava-31.1-jre.jar;C:\Users\user\.m2\repository\com\google\guava\failureaccess\1.0.1\failureaccess-1.0.1.jar;C:\Users\user\.m2\repository\com\google\guava\listenablefuture\9999.0-empty-to-avoid-conflict-with-guava\listenablefuture-9999.0-empty-to-avoid-conflict-with-guava.jar;C:\Users\user\.m2\repository\com\google\code\findbugs\jsr305\3.0.2\jsr305-3.0.2.jar;C:\Users\user\.m2\repository\org\checkerframework\checker-qual\3.12.0\checker-qual-3.12.0.jar;C:\Users\user\.m2\repository\com\google\errorprone\error_prone_annotations\2.11.0\error_prone_annotations-2.11.0.jar;C:\Users\user\.m2\repository\com\google\j2objc\j2objc-annotations\1.3\j2objc-annotations-1.3.jar;C:\Users\user\.m2\repository\net\bytebuddy\byte-buddy\1.12.18\byte-buddy-1.12.18.jar;C:\Users\user\.m2\repository\org\seleniumhq\selenium\selenium-json\4.6.0\selenium-json-4.6.0.jar;C:\Users\user\.m2\repository\org\hamcrest\hamcrest\2.2\hamcrest-2.2.jar;C:\Users\user\.m2\repository\io\rest-assured\rest-assured\5.2.0\rest-assured-5.2.0.jar;C:\Users\user\.m2\repository\org\apache\groovy\groovy\4.0.1\groovy-4.0.1.jar;C:\Users\user\.m2\repository\org\apache\groovy\groovy-xml\4.0.1\groovy-xml-4.0.1.jar;C:\Users\user\.m2\repository\org\apache\httpcomponents\httpclient\4.5.13\httpclient-4.5.13.jar;C:\Users\user\.m2\repository\org\apache\httpcomponents\httpcore\4.4.13\httpcore-4.4.13.jar;C:\Users\user\.m2\repository\commons-logging\commons-logging\1.2\commons-logging-1.2.jar;C:\Users\user\.m2\repository\commons-codec\commons-codec\1.11\commons-codec-1.11.jar;C:\Users\user\.m2\repository\org\apache\httpcomponents\httpmime\4.5.13\httpmime-4.5.13.jar;C:\Users\user\.m2\repository\org\ccil\cowan\tagsoup\tagsoup\1.2.1\tagsoup-1.2.1.jar;C:\Users\user\.m2\repository\io\rest-assured\xml-path\5.2.0\xml-path-5.2.0.jar;C:\Users\user\.m2\repository\io\rest-assured\json-path\5.2.0\json-path-5.2.0.jar;C:\Users\user\.m2\repository\org\apache\groovy\groovy-json\4.0.1\groovy-json-4.0.1.jar;C:\Users\user\.m2\repository\io\rest-assured\rest-assured-common\5.2.0\rest-assured-common-5.2.0.jar;C:\Users\user\.m2\repository\io\rest-assured\json-schema-validator\5.2.0\json-schema-validator-5.2.0.jar;C:\Users\user\.m2\repository\com\github\java-json-tools\json-schema-validator\2.2.14\json-schema-validator-2.2.14.jar;C:\Users\user\.m2\repository\com\github\java-json-tools\jackson-coreutils-equivalence\1.0\jackson-coreutils-equivalence-1.0.jar;C:\Users\user\.m2\repository\com\github\java-json-tools\jackson-coreutils\2.0\jackson-coreutils-2.0.jar;C:\Users\user\.m2\repository\com\github\java-json-tools\msg-simple\1.2\msg-simple-1.2.jar;C:\Users\user\.m2\repository\com\github\java-json-tools\btf\1.3\btf-1.3.jar;C:\Users\user\.m2\repository\com\github\java-json-tools\json-schema-core\1.2.14\json-schema-core-1.2.14.jar;C:\Users\user\.m2\repository\com\github\java-json-tools\uri-template\0.10\uri-template-0.10.jar;C:\Users\user\.m2\repository\org\mozilla\rhino\1.7.7.2\rhino-1.7.7.2.jar;C:\Users\user\.m2\repository\com\sun\mail\mailapi\1.6.2\mailapi-1.6.2.jar;C:\Users\user\.m2\repository\joda-time\joda-time\2.10.5\joda-time-2.10.5.jar;C:\Users\user\.m2\repository\com\googlecode\libphonenumber\libphonenumber\8.11.1\libphonenumber-8.11.1.jar;C:\Users\user\.m2\repository\net\sf\jopt-simple\jopt-simple\5.0.4\jopt-simple-5.0.4.jar;C:\Users\user\.m2\repository\org\junit\jupiter\junit-jupiter\5.9.0\junit-jupiter-5.9.0.jar;C:\Users\user\.m2\repository\org\junit\jupiter\junit-jupiter-engine\5.9.0\junit-jupiter-engine-5.9.0.jar;C:\Users\user\.m2\repository\org\junit\jupiter\junit-jupiter-params\5.9.0\junit-jupiter-params-5.9.0.jar;C:\Users\user\.m2\repository\org\apiguardian\apiguardian-api\1.1.2\apiguardian-api-1.1.2.jar;C:\Users\user\.m2\repository\org\junit\platform\junit-platform-engine\1.9.0\junit-platform-engine-1.9.0.jar;C:\Users\user\.m2\repository\org\opentest4j\opentest4j\1.2.0\opentest4j-1.2.0.jar;C:\Users\user\.m2\repository\org\junit\platform\junit-platform-commons\1.9.0\junit-platform-commons-1.9.0.jar;C:\Users\user\.m2\repository\org\junit\platform\junit-platform-launcher\1.9.0\junit-platform-launcher-1.9.0.jar;C:\Users\user\.m2\repository\org\junit\platform\junit-platform-suite\1.9.0\junit-platform-suite-1.9.0.jar;C:\Users\user\.m2\repository\org\junit\platform\junit-platform-suite-api\1.9.0\junit-platform-suite-api-1.9.0.jar;C:\Users\user\.m2\repository\org\junit\platform\junit-platform-suite-engine\1.9.0\junit-platform-suite-engine-1.9.0.jar;C:\Users\user\.m2\repository\org\junit\platform\junit-platform-suite-commons\1.9.0\junit-platform-suite-commons-1.9.0.jar;C:\Users\user\.m2\repository\io\qameta\allure\allure-junit5\2.20.0\allure-junit5-2.20.0.jar;C:\Users\user\.m2\repository\io\qameta\allure\allure-junit-platform\2.20.0\allure-junit-platform-2.20.0.jar;C:\Users\user\.m2\repository\io\qameta\allure\allure-test-filter\2.20.0\allure-test-filter-2.20.0.jar;C:\Users\user\.m2\repository\io\qameta\allure\allure-maven\2.11.2\allure-maven-2.11.2.jar;C:\Users\user\.m2\repository\com\fasterxml\jackson\core\jackson-databind\2.13.0\jackson-databind-2.13.0.jar;C:\Users\user\.m2\repository\com\fasterxml\jackson\core\jackson-annotations\2.13.0\jackson-annotations-2.13.0.jar;C:\Users\user\.m2\repository\com\fasterxml\jackson\core\jackson-core\2.13.0\jackson-core-2.13.0.jar;C:\Users\user\.m2\repository\org\apache\maven\maven-plugin-api\3.8.3\maven-plugin-api-3.8.3.jar;C:\Users\user\.m2\repository\org\codehaus\plexus\plexus-utils\3.3.0\plexus-utils-3.3.0.jar;C:\Users\user\.m2\repository\org\codehaus\plexus\plexus-classworlds\2.6.0\plexus-classworlds-2.6.0.jar;C:\Users\user\.m2\repository\org\apache\maven\maven-core\3.8.3\maven-core-3.8.3.jar;C:\Users\user\.m2\repository\org\apache\maven\maven-model\3.8.3\maven-model-3.8.3.jar;C:\Users\user\.m2\repository\org\apache\maven\maven-settings\3.8.3\maven-settings-3.8.3.jar;C:\Users\user\.m2\repository\org\apache\maven\maven-settings-builder\3.8.3\maven-settings-builder-3.8.3.jar;C:\Users\user\.m2\repository\org\codehaus\plexus\plexus-sec-dispatcher\2.0\plexus-sec-dispatcher-2.0.jar;C:\Users\user\.m2\repository\org\codehaus\plexus\plexus-cipher\2.0\plexus-cipher-2.0.jar;C:\Users\user\.m2\repository\org\apache\maven\maven-builder-support\3.8.3\maven-builder-support-3.8.3.jar;C:\Users\user\.m2\repository\org\apache\maven\maven-repository-metadata\3.8.3\maven-repository-metadata-3.8.3.jar;C:\Users\user\.m2\repository\org\apache\maven\maven-artifact\3.8.3\maven-artifact-3.8.3.jar;C:\Users\user\.m2\repository\org\apache\maven\maven-model-builder\3.8.3\maven-model-builder-3.8.3.jar;C:\Users\user\.m2\repository\org\apache\maven\maven-resolver-provider\3.8.3\maven-resolver-provider-3.8.3.jar;C:\Users\user\.m2\repository\org\apache\maven\resolver\maven-resolver-impl\1.6.3\maven-resolver-impl-1.6.3.jar;C:\Users\user\.m2\repository\org\apache\maven\resolver\maven-resolver-api\1.6.3\maven-resolver-api-1.6.3.jar;C:\Users\user\.m2\repository\org\apache\maven\resolver\maven-resolver-spi\1.6.3\maven-resolver-spi-1.6.3.jar;C:\Users\user\.m2\repository\org\apache\maven\resolver\maven-resolver-util\1.6.3\maven-resolver-util-1.6.3.jar;C:\Users\user\.m2\repository\org\apache\maven\shared\maven-shared-utils\3.3.4\maven-shared-utils-3.3.4.jar;C:\Users\user\.m2\repository\org\eclipse\sisu\org.eclipse.sisu.plexus\0.3.5\org.eclipse.sisu.plexus-0.3.5.jar;C:\Users\user\.m2\repository\javax\annotation\javax.annotation-api\1.2\javax.annotation-api-1.2.jar;C:\Users\user\.m2\repository\org\eclipse\sisu\org.eclipse.sisu.inject\0.3.5\org.eclipse.sisu.inject-0.3.5.jar;C:\Users\user\.m2\repository\com\google\inject\guice\4.2.2\guice-4.2.2-no_aop.jar;C:\Users\user\.m2\repository\aopalliance\aopalliance\1.0\aopalliance-1.0.jar;C:\Users\user\.m2\repository\javax\inject\javax.inject\1\javax.inject-1.jar;C:\Users\user\.m2\repository\org\codehaus\plexus\plexus-interpolation\1.26\plexus-interpolation-1.26.jar;C:\Users\user\.m2\repository\org\codehaus\plexus\plexus-component-annotations\2.1.0\plexus-component-annotations-2.1.0.jar;C:\Users\user\.m2\repository\org\apache\maven\reporting\maven-reporting-impl\3.0.0\maven-reporting-impl-3.0.0.jar;C:\Users\user\.m2\repository\org\apache\maven\reporting\maven-reporting-api\3.0\maven-reporting-api-3.0.jar;C:\Users\user\.m2\repository\org\apache\maven\doxia\doxia-sink-api\1.7\doxia-sink-api-1.7.jar;C:\Users\user\.m2\repository\org\apache\maven\doxia\doxia-logging-api\1.7\doxia-logging-api-1.7.jar;C:\Users\user\.m2\repository\org\apache\maven\doxia\doxia-decoration-model\1.7.4\doxia-decoration-model-1.7.4.jar;C:\Users\user\.m2\repository\org\apache\maven\doxia\doxia-core\1.7\doxia-core-1.7.jar;C:\Users\user\.m2\repository\org\codehaus\plexus\plexus-container-default\1.0-alpha-30\plexus-container-default-1.0-alpha-30.jar;C:\Users\user\.m2\repository\junit\junit\3.8.1\junit-3.8.1.jar;C:\Users\user\.m2\repository\commons-lang\commons-lang\2.4\commons-lang-2.4.jar;C:\Users\user\.m2\repository\xmlunit\xmlunit\1.5\xmlunit-1.5.jar;C:\Users\user\.m2\repository\org\apache\maven\doxia\doxia-site-renderer\1.7.4\doxia-site-renderer-1.7.4.jar;C:\Users\user\.m2\repository\org\apache\maven\doxia\doxia-skin-model\1.7.4\doxia-skin-model-1.7.4.jar;C:\Users\user\.m2\repository\org\apache\maven\doxia\doxia-module-xhtml\1.7\doxia-module-xhtml-1.7.jar;C:\Users\user\.m2\repository\org\codehaus\plexus\plexus-i18n\1.0-beta-7\plexus-i18n-1.0-beta-7.jar;C:\Users\user\.m2\repository\org\codehaus\plexus\plexus-velocity\1.2\plexus-velocity-1.2.jar;C:\Users\user\.m2\repository\org\apache\velocity\velocity\1.7\velocity-1.7.jar;C:\Users\user\.m2\repository\org\apache\velocity\velocity-tools\2.0\velocity-tools-2.0.jar;C:\Users\user\.m2\repository\commons-digester\commons-digester\1.8\commons-digester-1.8.jar;C:\Users\user\.m2\repository\commons-chain\commons-chain\1.1\commons-chain-1.1.jar;C:\Users\user\.m2\repository\commons-validator\commons-validator\1.3.1\commons-validator-1.3.1.jar;C:\Users\user\.m2\repository\dom4j\dom4j\1.1\dom4j-1.1.jar;C:\Users\user\.m2\repository\oro\oro\2.0.8\oro-2.0.8.jar;C:\Users\user\.m2\repository\sslext\sslext\1.2-0\sslext-1.2-0.jar;C:\Users\user\.m2\repository\org\apache\struts\struts-core\1.3.8\struts-core-1.3.8.jar;C:\Users\user\.m2\repository\antlr\antlr\2.7.2\antlr-2.7.2.jar;C:\Users\user\.m2\repository\org\apache\struts\struts-taglib\1.3.8\struts-taglib-1.3.8.jar;C:\Users\user\.m2\repository\org\apache\struts\struts-tiles\1.3.8\struts-tiles-1.3.8.jar;C:\Users\user\.m2\repository\org\apache\maven\shared\maven-artifact-transfer\0.13.1\maven-artifact-transfer-0.13.1.jar;C:\Users\user\.m2\repository\org\apache\maven\shared\maven-common-artifact-filters\3.1.0\maven-common-artifact-filters-3.1.0.jar;C:\Users\user\.m2\repository\org\sonatype\sisu\sisu-inject-plexus\1.4.2\sisu-inject-plexus-1.4.2.jar;C:\Users\user\.m2\repository\org\sonatype\sisu\sisu-inject-bean\1.4.2\sisu-inject-bean-1.4.2.jar;C:\Users\user\.m2\repository\org\sonatype\sisu\sisu-guice\2.1.7\sisu-guice-2.1.7-noaop.jar;C:\Users\user\.m2\repository\commons-beanutils\commons-beanutils\1.9.4\commons-beanutils-1.9.4.jar;C:\Users\user\.m2\repository\commons-collections\commons-collections\3.2.2\commons-collections-3.2.2.jar;C:\Users\user\.m2\repository\net\lingala\zip4j\zip4j\1.3.2\zip4j-1.3.2.jar;C:\Users\user\.m2\repository\org\apache\commons\commons-exec\1.3\commons-exec-1.3.jar;C:\Users\user\.m2\repository\org\apache\maven\plugin-tools\maven-plugin-annotations\3.6.1\maven-plugin-annotations-3.6.1.jar;C:\Users\user\.m2\repository\org\apache\maven\plugins\maven-jxr-plugin\3.1.1\maven-jxr-plugin-3.1.1.jar;C:\Users\user\.m2\repository\org\apache\maven\maven-jxr\3.1.1\maven-jxr-3.1.1.jar;C:\Users\user\.m2\repository\org\apache\velocity\velocity-engine-core\2.0\velocity-engine-core-2.0.jar;C:\Users\user\.m2\repository\org\apache\maven\wagon\wagon-provider-api\2.4\wagon-provider-api-2.4.jar;C:\Users\user\.m2\repository\org\codehaus\plexus\plexus-java\1.0.6\plexus-java-1.0.6.jar;C:\Users\user\.m2\repository\org\ow2\asm\asm\9.0\asm-9.0.jar;C:\Users\user\.m2\repository\com\thoughtworks\qdox\qdox\2.0.0\qdox-2.0.0.jar;C:\Users\user\.m2\repository\io\qameta\allure\allure-java-commons\2.20.0\allure-java-commons-2.20.0.jar;C:\Users\user\.m2\repository\io\qameta\allure\allure-model\2.20.0\allure-model-2.20.0.jar;C:\Users\user\.m2\repository\org\aspectj\aspectjweaver\1.9.9.1\aspectjweaver-1.9.9.1.jar;C:\Users\user\.m2\repository\org\apache\maven\plugins\maven-surefire-plugin\3.0.0-M5\maven-surefire-plugin-3.0.0-M5.jar;C:\Users\user\.m2\repository\org\apache\maven\surefire\maven-surefire-common\3.0.0-M5\maven-surefire-common-3.0.0-M5.jar;C:\Users\user\.m2\repository\org\apache\maven\surefire\surefire-extensions-api\3.0.0-M5\surefire-extensions-api-3.0.0-M5.jar;C:\Users\user\.m2\repository\org\apache\maven\surefire\surefire-booter\3.0.0-M5\surefire-booter-3.0.0-M5.jar;C:\Users\user\.m2\repository\org\apache\maven\surefire\surefire-extensions-spi\3.0.0-M5\surefire-extensions-spi-3.0.0-M5.jar;C:\Users\user\.m2\repository\org\apache\maven\maven-toolchain\3.0-alpha-2\maven-toolchain-3.0-alpha-2.jar;C:\Users\user\.m2\repository\org\apache\maven\surefire\surefire-shared-utils\3.0.0-M4\surefire-shared-utils-3.0.0-M4.jar;C:\Users\user\.m2\repository\io\qameta\allure\allure-selenide\2.20.0\allure-selenide-2.20.0.jar;C:\Users\user\.m2\repository\com\codeborne\selenide-core\6.9.0\selenide-core-6.9.0.jar;C:\Users\user\.m2\repository\io\github\bonigarcia\webdrivermanager\5.3.0\webdrivermanager-5.3.0.jar;C:\Users\user\.m2\repository\org\brotli\dec\0.1.2\dec-0.1.2.jar;C:\Users\user\.m2\repository\org\apache\commons\commons-lang3\3.12.0\commons-lang3-3.12.0.jar;C:\Users\user\.m2\repository\commons-io\commons-io\2.11.0\commons-io-2.11.0.jar;C:\Users\user\.m2\repository\org\apache\commons\commons-compress\1.21\commons-compress-1.21.jar;C:\Users\user\.m2\repository\org\apache\httpcomponents\client5\httpclient5\5.1.3\httpclient5-5.1.3.jar;C:\Users\user\.m2\repository\org\apache\httpcomponents\core5\httpcore5\5.1.3\httpcore5-5.1.3.jar;C:\Users\user\.m2\repository\com\codeborne\selenide\6.9.0\selenide-6.9.0.jar;C:\Users\user\.m2\repository\org\slf4j\slf4j-api\2.0.3\slf4j-api-2.0.3.jar;C:\Users\user\.m2\repository\org\slf4j\slf4j-reload4j\2.0.3\slf4j-reload4j-2.0.3.jar;C:\Users\user\.m2\repository\ch\qos\reload4j\reload4j\1.2.22\reload4j-1.2.22.jar;C:\Users\user\.m2\repository\io\github\artsok\rerunner-jupiter\2.1.6\rerunner-jupiter-2.1.6.jar;C:\Users\user\.m2\repository\org\jetbrains\annotations\23.0.0\annotations-23.0.0.jar;C:\Users\user\.m2\repository\org\junit\platform\junit-platform-surefire-provider\1.3.2\junit-platform-surefire-provider-1.3.2.jar;C:\Users\user\.m2\repository\org\apache\maven\surefire\surefire-api\2.22.0\surefire-api-2.22.0.jar;C:\Users\user\.m2\repository\org\apache\maven\surefire\surefire-logger-api\2.22.0\surefire-logger-api-2.22.0.jar;C:\Users\user\.m2\repository\org\apache\maven\surefire\common-java5\2.22.0\common-java5-2.22.0.jar;C:\Users\user\.m2\repository\org\junit\jupiter\junit-jupiter-api\5.9.0\junit-jupiter-api-5.9.0.jar;C:\Users\user\.m2\repository\com\google\zxing\core\3.5.1\core-3.5.1.jar;C:\Users\user\.m2\repository\com\google\zxing\javase\3.5.1\javase-3.5.1.jar;C:\Users\user\.m2\repository\com\beust\jcommander\1.82\jcommander-1.82.jar;C:\Users\user\.m2\repository\com\github\jai-imageio\jai-imageio-core\1.4.0\jai-imageio-core-1.4.0.jar;C:\Users\user\.m2\repository\com\codeborne\selenide-proxy\6.10.2\selenide-proxy-6.10.2.jar;C:\Users\user\.m2\repository\com\github\valfirst\browserup-proxy\browserup-proxy-core\2.2.6\browserup-proxy-core-2.2.6.jar;C:\Users\user\.m2\repository\de\sstoehr\har-reader\2.2.1\har-reader-2.2.1.jar;C:\Users\user\.m2\repository\com\github\valfirst\browserup-proxy\browserup-proxy-mitm\2.2.6\browserup-proxy-mitm-2.2.6.jar;C:\Users\user\.m2\repository\javax\xml\bind\jaxb-api\2.3.1\jaxb-api-2.3.1.jar;C:\Users\user\.m2\repository\javax\activation\javax.activation-api\1.2.0\javax.activation-api-1.2.0.jar;C:\Users\user\.m2\repository\org\awaitility\awaitility\4.2.0\awaitility-4.2.0.jar;C:\Users\user\.m2\repository\com\jcraft\jzlib\1.1.3\jzlib-1.1.3.jar;C:\Users\user\.m2\repository\dnsjava\dnsjava\3.5.2\dnsjava-3.5.2.jar;C:\Users\user\.m2\repository\org\bouncycastle\bcpkix-jdk18on\1.72\bcpkix-jdk18on-1.72.jar;C:\Users\user\.m2\repository\org\bouncycastle\bcutil-jdk18on\1.72\bcutil-jdk18on-1.72.jar;C:\Users\user\.m2\repository\org\bouncycastle\bcprov-jdk18on\1.72\bcprov-jdk18on-1.72.jar;C:\Users\user\.m2\repository\org\slf4j\jcl-over-slf4j\2.0.5\jcl-over-slf4j-2.0.5.jar;C:\Users\user\.m2\repository\org\zeroturnaround\zt-exec\1.12\zt-exec-1.12.jar;C:\Users\user\.m2\repository\xyz\rogfam\littleproxy\2.0.14\littleproxy-2.0.14.jar;C:\Users\user\.m2\repository\com\barchart\udt\barchart-udt-bundle\2.3.0\barchart-udt-bundle-2.3.0.jar;C:\Users\user\.m2\repository\io\netty\netty-all\4.1.85.Final\netty-all-4.1.85.Final.jar;C:\Users\user\.m2\repository\io\netty\netty-codec\4.1.85.Final\netty-codec-4.1.85.Final.jar;C:\Users\user\.m2\repository\io\netty\netty-codec-dns\4.1.85.Final\netty-codec-dns-4.1.85.Final.jar;C:\Users\user\.m2\repository\io\netty\netty-codec-haproxy\4.1.85.Final\netty-codec-haproxy-4.1.85.Final.jar;C:\Users\user\.m2\repository\io\netty\netty-codec-http2\4.1.85.Final\netty-codec-http2-4.1.85.Final.jar;C:\Users\user\.m2\repository\io\netty\netty-codec-memcache\4.1.85.Final\netty-codec-memcache-4.1.85.Final.jar;C:\Users\user\.m2\repository\io\netty\netty-codec-mqtt\4.1.85.Final\netty-codec-mqtt-4.1.85.Final.jar;C:\Users\user\.m2\repository\io\netty\netty-codec-redis\4.1.85.Final\netty-codec-redis-4.1.85.Final.jar;C:\Users\user\.m2\repository\io\netty\netty-codec-smtp\4.1.85.Final\netty-codec-smtp-4.1.85.Final.jar;C:\Users\user\.m2\repository\io\netty\netty-codec-socks\4.1.85.Final\netty-codec-socks-4.1.85.Final.jar;C:\Users\user\.m2\repository\io\netty\netty-codec-stomp\4.1.85.Final\netty-codec-stomp-4.1.85.Final.jar;C:\Users\user\.m2\repository\io\netty\netty-codec-xml\4.1.85.Final\netty-codec-xml-4.1.85.Final.jar;C:\Users\user\.m2\repository\io\netty\netty-handler\4.1.85.Final\netty-handler-4.1.85.Final.jar;C:\Users\user\.m2\repository\io\netty\netty-handler-proxy\4.1.85.Final\netty-handler-proxy-4.1.85.Final.jar;C:\Users\user\.m2\repository\io\netty\netty-resolver\4.1.85.Final\netty-resolver-4.1.85.Final.jar;C:\Users\user\.m2\repository\io\netty\netty-resolver-dns\4.1.85.Final\netty-resolver-dns-4.1.85.Final.jar;C:\Users\user\.m2\repository\io\netty\netty-transport-rxtx\4.1.85.Final\netty-transport-rxtx-4.1.85.Final.jar;C:\Users\user\.m2\repository\io\netty\netty-transport-sctp\4.1.85.Final\netty-transport-sctp-4.1.85.Final.jar;C:\Users\user\.m2\repository\io\netty\netty-transport-udt\4.1.85.Final\netty-transport-udt-4.1.85.Final.jar;C:\Users\user\.m2\repository\io\netty\netty-resolver-dns-classes-macos\4.1.85.Final\netty-resolver-dns-classes-macos-4.1.85.Final.jar;C:\Users\user\.m2\repository\io\netty\netty-transport-native-epoll\4.1.85.Final\netty-transport-native-epoll-4.1.85.Final-linux-x86_64.jar;C:\Users\user\.m2\repository\io\netty\netty-transport-native-epoll\4.1.85.Final\netty-transport-native-epoll-4.1.85.Final-linux-aarch_64.jar;C:\Users\user\.m2\repository\io\netty\netty-transport-native-kqueue\4.1.85.Final\netty-transport-native-kqueue-4.1.85.Final-osx-x86_64.jar;C:\Users\user\.m2\repository\io\netty\netty-transport-native-kqueue\4.1.85.Final\netty-transport-native-kqueue-4.1.85.Final-osx-aarch_64.jar;C:\Users\user\.m2\repository\io\netty\netty-resolver-dns-native-macos\4.1.85.Final\netty-resolver-dns-native-macos-4.1.85.Final-osx-x86_64.jar;C:\Users\user\.m2\repository\io\netty\netty-resolver-dns-native-macos\4.1.85.Final\netty-resolver-dns-native-macos-4.1.85.Final-osx-aarch_64.jar;C:\Users\user\.m2\repository\com\github\javafaker\javafaker\1.0.2\javafaker-1.0.2.jar;C:\Users\user\.m2\repository\org\yaml\snakeyaml\1.23\snakeyaml-1.23-android.jar;C:\Users\user\.m2\repository\com\github\mifmif\generex\1.0.2\generex-1.0.2.jar;C:\Users\user\.m2\repository\dk\brics\automaton\automaton\1.11-8\automaton-1.11-8.jar;C:\Users\user\.m2\repository\com\github\pengrad\java-telegram-bot-api\6.3.0\java-telegram-bot-api-6.3.0.jar;C:\Users\user\.m2\repository\com\google\code\gson\gson\2.9.1\gson-2.9.1.jar;C:\Users\user\.m2\repository\com\squareup\okhttp3\okhttp\4.10.0\okhttp-4.10.0.jar;C:\Users\user\.m2\repository\com\squareup\okio\okio-jvm\3.0.0\okio-jvm-3.0.0.jar;C:\Users\user\.m2\repository\org\jetbrains\kotlin\kotlin-stdlib-common\1.5.31\kotlin-stdlib-common-1.5.31.jar;C:\Users\user\.m2\repository\org\jetbrains\kotlin\kotlin-stdlib\1.6.20\kotlin-stdlib-1.6.20.jar;C:\Users\user\.m2\repository\com\squareup\okhttp3\logging-interceptor\4.10.0\logging-interceptor-4.10.0.jar;C:\Users\user\.m2\repository\org\jetbrains\kotlin\kotlin-stdlib-jdk8\1.6.10\kotlin-stdlib-jdk8-1.6.10.jar;C:\Users\user\.m2\repository\org\jetbrains\kotlin\kotlin-stdlib-jdk7\1.6.10\kotlin-stdlib-jdk7-1.6.10.jar;"/>
    <property name="sun.cpu.endian" value="little"/>
    <property name="user.home" value="C:\Users\user"/>
    <property name="user.language" value="ru"/>
    <property name="java.specification.vendor" value="Oracle Corporation"/>
    <property name="java.version.date" value="2021-07-20"/>
    <property name="java.home" value="C:\Program Files\Java\jdk-16.0.2"/>
    <property name="file.separator" value="\"/>
    <property name="basedir" value="C:\tapper.cloud"/>
    <property name="java.vm.compressedOopsMode" value="Zero based"/>
    <property name="line.separator" value="&#10;"/>
    <property name="java.vm.specification.vendor" value="Oracle Corporation"/>
    <property name="java.specification.name" value="Java Platform API Specification"/>
    <property name="surefire.real.class.path" value="C:\Users\user\AppData\Local\Temp\surefire16072795596137672083\surefirebooter5053748529391618800.jar"/>
    <property name="user.script" value=""/>
    <property name="sun.management.compiler" value="HotSpot 64-Bit Tiered Compilers"/>
    <property name="java.runtime.version" value="16.0.2+7-67"/>
    <property name="user.name" value="user"/>
    <property name="path.separator" value=";"/>
    <property name="os.version" value="10.0"/>
    <property name="java.runtime.name" value="Java(TM) SE Runtime Environment"/>
    <property name="file.encoding" value="Cp1251"/>
    <property name="java.vm.name" value="Java HotSpot(TM) 64-Bit Server VM"/>
    <property name="localRepository" value="C:\Users\user\.m2\repository"/>
    <property name="java.vendor.url.bug" value="https://bugreport.java.com/bugreport/"/>
    <property name="java.io.tmpdir" value="C:\Users\user\AppData\Local\Temp\"/>
    <property name="java.version" value="16.0.2"/>
    <property name="user.dir" value="C:\tapper.cloud"/>
    <property name="os.arch" value="amd64"/>
    <property name="java.vm.specification.name" value="Java Virtual Machine Specification"/>
    <property name="sun.os.patch.level" value=""/>
    <property name="java.library.path" value="C:\Program Files\Java\jdk-16.0.2\bin;C:\Windows\Sun\Java\bin;C:\Windows\system32;C:\Windows;C:\Program Files\Common Files\Oracle\Java\javapath;C:\Windows\system32;C:\Windows;C:\Windows\System32\Wbem;C:\Windows\System32\WindowsPowerShell\v1.0\;C:\Windows\System32\OpenSSH\;C:\Program Files\NVIDIA Corporation\NVIDIA NvDLISR;C:\Program Files (x86)\NVIDIA Corporation\PhysX\Common;C:\Program Files\Git\cmd;C:\Program Files\nodejs\;C:\work\apache-maven-3.8.1\bin;C:\Program Files\Java\jdk-16.0.2\bin;C:\Users\user\scoop\shims;C:\Users\user\AppData\Local\Microsoft\WindowsApps;C:\Users\user\AppData\Local\Programs\Microsoft VS Code\bin;C:\Users\user\AppData\Roaming\npm;C:\Program Files\Java\jdk-16.0.2\bin;C:\work\apache-maven-3.8.1\bin;C:\Program Files\JetBrains\IntelliJ IDEA Community Edition 2021.2\bin;;C:\Users\user\AppData\Local\GitHubDesktop\bin;C:\Users\user\AppData\Local\Programs\EmEditor;C:\Program Files\TestProject Agent;."/>
    <property name="junit.jupiter.extensions.autodetection.enabled" value="true"/>
    <property name="java.vm.info" value="mixed mode, sharing"/>
    <property name="java.vendor" value="Oracle Corporation"/>
    <property name="java.vm.version" value="16.0.2+7-67"/>
    <property name="sun.io.unicode.encoding" value="UnicodeLittle"/>
    <property name="java.class.version" value="60.0"/>
    <property name="webdriver.http.factory" value="selenide-netty-client-factory"/>
  </properties>
  <testcase name="createAndFillOrder" classname="tapper.tests.keeper_e2e._1_partialPayment._2_3_NoTipsNoScTest" time="4.063">
    <system-out><![CDATA[{
    "success": true,
    "result": {
        "visit": "550376364",
        "orderIdent": "256",
        "guid": "{7A7D376B-B4DA-48CB-BBFE-2D76D479216C}",
        "url": "http://code.ucs.ru/qr?id=AB642685147F4091961D68CE3897D63A7A7D376BB4DA48CBBBFE2D76D479216C6AFD23E9",
        "orderName": "3.1",
        "version": "0",
        "crc32": "0",
        "orderSum": "0",
        "unpaidSum": "0",
        "discountSum": "0",
        "totalPieces": "0",
        "seqNumber": "132",
        "paid": "1",
        "finished": "0",
        "persistentComment": "100500",
        "nonPersistentComment": "",
        "openTime": "2022-12-29T18:51:28",
        "cookMins": "0"
    }
}
0sec response time

Заказ создался на кассе
3sec response time
null has error?

Заказ наполнился
]]></system-out>
  </testcase>
  <testcase name="openAndCheck" classname="tapper.tests.keeper_e2e._1_partialPayment._2_3_NoTipsNoScTest" time="3.312">
    <system-err><![CDATA[Starting ChromeDriver 108.0.5359.71 (1e0e3868ee06e91ad636a874420e3ca3ae3756ac-refs/branch-heads/5359@{#1016}) on port 11957
Only local connections are allowed.
Please see https://chromedriver.chromium.org/security-considerations for suggestions on keeping ChromeDriver safe.
ChromeDriver was started successfully.
дек. 29, 2022 6:47:34 PM org.openqa.selenium.devtools.CdpVersionFinder findNearestMatch
WARNING: Unable to find an exact match for CDP version 108, so returning the closest version found: 107
]]></system-err>
  </testcase>
  <testcase name="chooseDishesAndCheckAfterDivided" classname="tapper.tests.keeper_e2e._1_partialPayment._2_3_NoTipsNoScTest" time="17.389">
    <system-out><![CDATA[
Количество рандомных позиций для выбора: 3
10 общее число позиций
Выбрали позицию
Блюдо - Барное пиво - 155.0. Общая цена 155.0
Выбрали позицию
Блюдо - Барное пиво - 155.0. Общая цена 310.0
Выбрали позицию
Блюдо - Барное пиво - 155.0. Общая цена 465.0
1. Барное пиво - 155.0. Общая сумма: 155.0
2. Барное пиво - 155.0. Общая сумма: 310.0
3. Барное пиво - 155.0. Общая сумма: 465.0
Сумма в поле 'Отмеченные позиции' 465.0 совпадает с общей чистой суммой заказа 465.0

49.0 текущие чаевые по центру
49.0 текущие чаевые в поле 'Чаевые'
Чаевые по центру 49.0 совпадают с чаевыми в поле 'Чаевые' 49.0
49.0 чаевые
СБ включены
9.43 текущий сервисный сбор
523.43 сумма за блюда + чаевые + сб

Чистая сумма совпадает с суммой в 'Итого к оплате'


Сумма 'Итого к оплате' совпадает с суммой в счётчике кошелька

Чаевые по центру 0 совпадают с чаевыми в поле 'Чаевые' 0.0
СБ включены
6.98 текущий сервисный сбор

Сумма 'Итого к оплате' совпадает с суммой в счётчике кошелька


Процент чаевых 0
Чистая общая сумма 471.98 совпадает с 'Итого к оплате' 471.98

Чаевые по центру 70 совпадают с чаевыми в поле 'Чаевые' 70.0
СБ включены
10.48 текущий сервисный сбор

Сумма 'Итого к оплате' совпадает с суммой в счётчике кошелька


Процент чаевых 15
Чистая общая сумма 545.48 совпадает с 'Итого к оплате' 545.48

Чаевые по центру 93 совпадают с чаевыми в поле 'Чаевые' 93.0
СБ включены
11.63 текущий сервисный сбор

Сумма 'Итого к оплате' совпадает с суммой в счётчике кошелька


Процент чаевых 20
Чистая общая сумма 569.63 совпадает с 'Итого к оплате' 569.63

Чаевые по центру 116 совпадают с чаевыми в поле 'Чаевые' 116.0
СБ включены
12.78 текущий сервисный сбор

Сумма 'Итого к оплате' совпадает с суммой в счётчике кошелька


Процент чаевых 25
Чистая общая сумма 593.78 совпадает с 'Итого к оплате' 593.78

Отключен сервисный сбор
Чаевые по центру 0 совпадают с чаевыми в поле 'Чаевые' 0.0

Сумма 'Итого к оплате' совпадает с суммой в счётчике кошелька


Процент чаевых 0
Чистая общая сумма 465.0 совпадает с 'Итого к оплате' 465.0

Чаевые по центру 70 совпадают с чаевыми в поле 'Чаевые' 70.0

Сумма 'Итого к оплате' совпадает с суммой в счётчике кошелька


Процент чаевых 15
Чистая общая сумма 535.0 совпадает с 'Итого к оплате' 535.0

Чаевые по центру 93 совпадают с чаевыми в поле 'Чаевые' 93.0

Сумма 'Итого к оплате' совпадает с суммой в счётчике кошелька


Процент чаевых 20
Чистая общая сумма 558.0 совпадает с 'Итого к оплате' 558.0

Чаевые по центру 116 совпадают с чаевыми в поле 'Чаевые' 116.0

Сумма 'Итого к оплате' совпадает с суммой в счётчике кошелька


Процент чаевых 25
Чистая общая сумма 581.0 совпадает с 'Итого к оплате' 581.0

false
Установлен сервисный сбор
6.97 сервисный сбор от суммы
0.0 сервисный сбор от чаевых

Сервисный сбор считается корректно по формуле 1.5% от суммы 471.97 и 5% от чаевых 0.0

Сумма 'Итого к оплате' совпадает с суммой в счётчике кошелька

Чистая общая сумма 471.97 совпадает с 'Итого к оплате' 471.98

6.97 сервисный сбор от суммы
3.5 сервисный сбор от чаевых

Сервисный сбор считается корректно по формуле 1.5% от суммы 545.47 и 5% от чаевых 70.0

Сумма 'Итого к оплате' совпадает с суммой в счётчике кошелька

Чистая общая сумма 545.47 совпадает с 'Итого к оплате' 545.48

6.97 сервисный сбор от суммы
4.65 сервисный сбор от чаевых

Сервисный сбор считается корректно по формуле 1.5% от суммы 569.62 и 5% от чаевых 93.0

Сумма 'Итого к оплате' совпадает с суммой в счётчике кошелька

Чистая общая сумма 569.62 совпадает с 'Итого к оплате' 569.63

6.97 сервисный сбор от суммы
5.8 сервисный сбор от чаевых

Сервисный сбор считается корректно по формуле 1.5% от суммы 593.77 и 5% от чаевых 116.0

Сумма 'Итого к оплате' совпадает с суммой в счётчике кошелька

Чистая общая сумма 593.77 совпадает с 'Итого к оплате' 593.78

<div class="waiterTipsPercent active" data-auto="activeTipsButton" data-v-11cc4453 data-v-e7f5d710>0%</div>
0%
Сброс чаевых работает корректно
Отключен сервисный сбор
]]></system-out>
  </testcase>
  <testcase name="savePaymentDataForAcquiring" classname="tapper.tests.keeper_e2e._1_partialPayment._2_3_NoTipsNoScTest" time="0.223">
    <system-out><![CDATA[0 clean string
0 clean double
0 clean int
{order_amount=46500, fee=0, tips=0} данные для б2п
]]></system-out>
  </testcase>
  <testcase name="payAndGoToAcquiring" classname="tapper.tests.keeper_e2e._1_partialPayment._2_3_NoTipsNoScTest" time="9.948">
    <system-out><![CDATA[Сумма в тапере 465.0 сходится с суммой в эквайринге 465.0
]]></system-out>
  </testcase>
  <testcase name="checkPayment" classname="tapper.tests.keeper_e2e._1_partialPayment._2_3_NoTipsNoScTest" time="7.146">
    <system-out><![CDATA[23326 trans_id
{order_amount=46500, fee=0, tips=0} payment data
0sec response time
Транзакция получена
{order_amount=46500, fee=0, tips=0} tapper data
{order_amount=46500, fee=0, tips=0} b2b data
Все суммы в таппере сходятся с транзакцией b2p
]]></system-out>
  </testcase>
  <testcase name="clearDataAndChoseAgain" classname="tapper.tests.keeper_e2e._1_partialPayment._2_3_NoTipsNoScTest" time="2.58">
    <system-out><![CDATA[109 clean string
109 clean double
109 clean int
{order_amount=108500, fee=2172, tips=10900} данные для б2п
]]></system-out>
  </testcase>
  <testcase name="payAndGoToAcquiringAgain" classname="tapper.tests.keeper_e2e._1_partialPayment._2_3_NoTipsNoScTest" time="17.013">
    <system-out><![CDATA[Заказ успешно оплачен
Скоро здесь появится ваш заказ
]]></system-out>
  </testcase>
</testsuite>